<?xml version="1.0" encoding="UTF-8"?><testrun name="ProductServiceTest.testGet (3)" project="web-072-AdvancedQuery" tests="1" started="1" failures="0" errors="1" ignored="0">
  <testcase name="testGet" classname="cn.wolfcode.shop.test.ProductServiceTest" time="0.366">
    <error>org.apache.ibatis.exceptions.PersistenceException: &#13;
### Error querying database.  Cause: org.apache.ibatis.builder.IncompleteElementException: Could not find SQL statement to include with refid 'product.baseMap'&#13;
### Cause: org.apache.ibatis.builder.IncompleteElementException: Could not find SQL statement to include with refid 'product.baseMap'&#13;
	at org.apache.ibatis.exceptions.ExceptionFactory.wrapException(ExceptionFactory.java:23)&#13;
	at org.apache.ibatis.session.defaults.DefaultSqlSession.selectList(DefaultSqlSession.java:104)&#13;
	at org.apache.ibatis.session.defaults.DefaultSqlSession.selectList(DefaultSqlSession.java:95)&#13;
	at org.apache.ibatis.session.defaults.DefaultSqlSession.selectOne(DefaultSqlSession.java:59)&#13;
	at cn.wolfcode.shop.dao.impl.ProductDAOImpl.get(ProductDAOImpl.java:43)&#13;
	at cn.wolfcode.shop.service.impl.ProductServiceImpl.get(ProductServiceImpl.java:29)&#13;
	at cn.wolfcode.shop.test.ProductServiceTest.testGet(ProductServiceTest.java:39)&#13;
	at sun.reflect.NativeMethodAccessorImpl.invoke0(Native Method)&#13;
	at sun.reflect.NativeMethodAccessorImpl.invoke(NativeMethodAccessorImpl.java:62)&#13;
	at sun.reflect.DelegatingMethodAccessorImpl.invoke(DelegatingMethodAccessorImpl.java:43)&#13;
	at java.lang.reflect.Method.invoke(Method.java:498)&#13;
	at org.junit.runners.model.FrameworkMethod$1.runReflectiveCall(FrameworkMethod.java:50)&#13;
	at org.junit.internal.runners.model.ReflectiveCallable.run(ReflectiveCallable.java:12)&#13;
	at org.junit.runners.model.FrameworkMethod.invokeExplosively(FrameworkMethod.java:47)&#13;
	at org.junit.internal.runners.statements.InvokeMethod.evaluate(InvokeMethod.java:17)&#13;
	at org.junit.runners.ParentRunner.runLeaf(ParentRunner.java:325)&#13;
	at org.junit.runners.BlockJUnit4ClassRunner.runChild(BlockJUnit4ClassRunner.java:78)&#13;
	at org.junit.runners.BlockJUnit4ClassRunner.runChild(BlockJUnit4ClassRunner.java:57)&#13;
	at org.junit.runners.ParentRunner$3.run(ParentRunner.java:290)&#13;
	at org.junit.runners.ParentRunner$1.schedule(ParentRunner.java:71)&#13;
	at org.junit.runners.ParentRunner.runChildren(ParentRunner.java:288)&#13;
	at org.junit.runners.ParentRunner.access$000(ParentRunner.java:58)&#13;
	at org.junit.runners.ParentRunner$2.evaluate(ParentRunner.java:268)&#13;
	at org.junit.runners.ParentRunner.run(ParentRunner.java:363)&#13;
	at org.eclipse.jdt.internal.junit4.runner.JUnit4TestReference.run(JUnit4TestReference.java:86)&#13;
	at org.eclipse.jdt.internal.junit.runner.TestExecution.run(TestExecution.java:38)&#13;
	at org.eclipse.jdt.internal.junit.runner.RemoteTestRunner.runTests(RemoteTestRunner.java:459)&#13;
	at org.eclipse.jdt.internal.junit.runner.RemoteTestRunner.runTests(RemoteTestRunner.java:675)&#13;
	at org.eclipse.jdt.internal.junit.runner.RemoteTestRunner.run(RemoteTestRunner.java:382)&#13;
	at org.eclipse.jdt.internal.junit.runner.RemoteTestRunner.main(RemoteTestRunner.java:192)&#13;
Caused by: org.apache.ibatis.builder.IncompleteElementException: Could not find SQL statement to include with refid 'product.baseMap'&#13;
	at org.apache.ibatis.builder.xml.XMLStatementBuilder$IncludeNodeHandler.handleNode(XMLStatementBuilder.java:248)&#13;
	at org.apache.ibatis.builder.xml.XMLStatementBuilder.parseDynamicTags(XMLStatementBuilder.java:154)&#13;
	at org.apache.ibatis.builder.xml.XMLStatementBuilder.parseStatementNode(XMLStatementBuilder.java:88)&#13;
	at org.apache.ibatis.session.Configuration.buildAllStatements(Configuration.java:579)&#13;
	at org.apache.ibatis.session.Configuration.getMappedStatement(Configuration.java:505)&#13;
	at org.apache.ibatis.session.Configuration.getMappedStatement(Configuration.java:500)&#13;
	at org.apache.ibatis.session.defaults.DefaultSqlSession.selectList(DefaultSqlSession.java:100)&#13;
	... 28 more&#13;
Caused by: java.lang.IllegalArgumentException: XML fragments parsed from previous mappers does not contain value for product.baseMap&#13;
	at org.apache.ibatis.session.Configuration$StrictMap.get(Configuration.java:672)&#13;
	at org.apache.ibatis.builder.xml.XMLStatementBuilder$IncludeNodeHandler.handleNode(XMLStatementBuilder.java:237)&#13;
	... 34 more&#13;
&#13;
</error>
  </testcase>
</testrun>
